patient information form

name: date:

when did your problem start?: _________________ describe problem :
cause of current problem :
co caraccident —  workinjury ——«c) gradualonset_ ©). other

did this problem require surgery: c1 no (1 yes. c1) yesdate of surgery
past medical history do you have a history ofthe following problems?

breathing problems stroke i depression
co pregnant o bonerjoint problems ci bowel/bladder
co heart problems kidney problems 1 history of heavy alcohol use
gi current wound/skin problems [1] gallbladder/liver oo drug use
i pacemaker gi electrical implants ci smoking
oi tumor/cancer cl anxiety attacks ci headaches
co diabetes co sleep apnea
(no surgeries
surgeries/hospitalizations year complications
co nomedication
medications please list medications that you are taking.
medication(s) dose reason for medication
co no known allergies
allergies
latex 1 yes 01 no lodine 0 yes c1 no bromine (1 yes (] no
other

do you have any religious/cultural views that will affect your treatment? cl no (i yes

additional comment(reading or memory problem)

signature date